<?xml version="1.0" encoding="UTF-8"?>
<coverage generated="1687808786069" clover="3.2.0">
  <project timestamp="1687808786069" name="All files">
    <metrics statements="3" coveredstatements="3" conditionals="0" coveredconditionals="0" methods="2" coveredmethods="2" elements="5" coveredelements="5" complexity="0" loc="3" ncloc="3" packages="1" files="1" classes="1"/>
    <file name="index.js" path="C:\Users\francielli.dias\OneDrive - DBserver Assessoria em Sistemas de Informação Ltda\Documentos\AULAS\alura\nodejs\index.js">
      <metrics statements="3" coveredstatements="3" conditionals="0" coveredconditionals="0" methods="2" coveredmethods="2"/>
      <line num="1" count="2" type="stmt"/>
      <line num="3" count="1" type="stmt"/>
      <line num="5" count="1" type="stmt"/>
    </file>
  </project>
</coverage>
